Build started 25/06/2023 15:33:58.
     1>Project "C:\Users\ferna\OneDrive\Documents\learning_cpp\Projetos C++ Livro C++ com DirectX\helloworld\helloworld\helloworld.vcxproj" on node 2 (build target(s)).
     1>InitializeBuildStatus:
         Creating "Release\helloworld.unsuccessfulbuild" because "AlwaysCreate" was specified.
       ClCompile:
         C:\Program Files (x86)\Microsoft Visual Studio 10.0\VC\bin\CL.exe /c /Zi /nologo /W3 /WX- /O2 /Oi /Oy- /GL /D WIN32 /D NDEBUG /D _CONSOLE /D _UNICODE /D UNICODE /Gm- /EHsc /MD /GS /Gy /fp:precise /Zc:wchar_t /Zc:forScope /Fo"Release\\" /Fd"Release\vc100.pdb" /Gd /TP /analyze- /errorReport:prompt helloworld.cpp
         helloworld.cpp
       Link:
         C:\Program Files (x86)\Microsoft Visual Studio 10.0\VC\bin\link.exe /ERRORREPORT:PROMPT /OUT:"C:\Users\ferna\OneDrive\Documents\learning_cpp\Projetos C++ Livro C++ com DirectX\helloworld\Release\helloworld.exe" /INCREMENTAL:NO /NOLOGO kernel32.lib user32.lib gdi32.lib winspool.lib comdlg32.lib advapi32.lib shell32.lib ole32.lib oleaut32.lib uuid.lib odbc32.lib odbccp32.lib /MANIFEST /ManifestFile:"Release\helloworld.exe.intermediate.manifest" /MANIFESTUAC:"level='asInvoker' uiAccess='false'" /DEBUG /PDB:"C:\Users\ferna\OneDrive\Documents\learning_cpp\Projetos C++ Livro C++ com DirectX\helloworld\Release\helloworld.pdb" /SUBSYSTEM:CONSOLE /OPT:REF /OPT:ICF /LTCG /TLBID:1 /DYNAMICBASE /NXCOMPAT /IMPLIB:"C:\Users\ferna\OneDrive\Documents\learning_cpp\Projetos C++ Livro C++ com DirectX\helloworld\Release\helloworld.lib" /MACHINE:X86 Release\helloworld.obj
         Generating code
         Finished generating code
         helloworld.vcxproj -> C:\Users\ferna\OneDrive\Documents\learning_cpp\Projetos C++ Livro C++ com DirectX\helloworld\Release\helloworld.exe
       Manifest:
         C:\Program Files (x86)\Microsoft SDKs\Windows\v7.0A\bin\mt.exe /nologo /verbose /outputresource:"C:\Users\ferna\OneDrive\Documents\learning_cpp\Projetos C++ Livro C++ com DirectX\helloworld\Release\helloworld.exe;#1" /manifest Release\helloworld.exe.intermediate.manifest
       FinalizeBuildStatus:
         Deleting file "Release\helloworld.unsuccessfulbuild".
         Touching "Release\helloworld.lastbuildstate".
     1>Done Building Project "C:\Users\ferna\OneDrive\Documents\learning_cpp\Projetos C++ Livro C++ com DirectX\helloworld\helloworld\helloworld.vcxproj" (build target(s)).

Build succeeded.

Time Elapsed 00:00:00.65
