C:\USERS\FERNA\ONEDRIVE\DOCUMENTS\LEARNING_CPP\PROJETOS C++ LIVRO C++ COM DIRECTX\HELLOWORLD\DEBUG\HELLOWORLD.EXE
C:\USERS\FERNA\ONEDRIVE\DOCUMENTS\LEARNING_CPP\PROJETOS C++ LIVRO C++ COM DIRECTX\HELLOWORLD\DEBUG\HELLOWORLD.ILK
C:\USERS\FERNA\ONEDRIVE\DOCUMENTS\LEARNING_CPP\PROJETOS C++ LIVRO C++ COM DIRECTX\HELLOWORLD\DEBUG\HELLOWORLD.PDB
C:\Users\ferna\OneDrive\Documents\learning_cpp\Projetos C++ Livro C++ com DirectX\helloworld\helloworld\Debug\cl.command.1.tlog
C:\Users\ferna\OneDrive\Documents\learning_cpp\Projetos C++ Livro C++ com DirectX\helloworld\helloworld\Debug\CL.read.1.tlog
C:\Users\ferna\OneDrive\Documents\learning_cpp\Projetos C++ Livro C++ com DirectX\helloworld\helloworld\Debug\CL.write.1.tlog
C:\USERS\FERNA\ONEDRIVE\DOCUMENTS\LEARNING_CPP\PROJETOS C++ LIVRO C++ COM DIRECTX\HELLOWORLD\HELLOWORLD\DEBUG\HELLOWORLD.EXE.EMBED.MANIFEST
C:\USERS\FERNA\ONEDRIVE\DOCUMENTS\LEARNING_CPP\PROJETOS C++ LIVRO C++ COM DIRECTX\HELLOWORLD\HELLOWORLD\DEBUG\HELLOWORLD.EXE.EMBED.MANIFEST.RES
C:\USERS\FERNA\ONEDRIVE\DOCUMENTS\LEARNING_CPP\PROJETOS C++ LIVRO C++ COM DIRECTX\HELLOWORLD\HELLOWORLD\DEBUG\HELLOWORLD.EXE.INTERMEDIATE.MANIFEST
C:\USERS\FERNA\ONEDRIVE\DOCUMENTS\LEARNING_CPP\PROJETOS C++ LIVRO C++ COM DIRECTX\HELLOWORLD\HELLOWORLD\DEBUG\HELLOWORLD.OBJ
C:\Users\ferna\OneDrive\Documents\learning_cpp\Projetos C++ Livro C++ com DirectX\helloworld\helloworld\Debug\helloworld.vcxprojResolveAssemblyReference.cache
C:\Users\ferna\OneDrive\Documents\learning_cpp\Projetos C++ Livro C++ com DirectX\helloworld\helloworld\Debug\helloworld.write.1.tlog
C:\Users\ferna\OneDrive\Documents\learning_cpp\Projetos C++ Livro C++ com DirectX\helloworld\helloworld\Debug\helloworld_manifest.rc
C:\Users\ferna\OneDrive\Documents\learning_cpp\Projetos C++ Livro C++ com DirectX\helloworld\helloworld\Debug\link.14924.read.1.tlog
C:\Users\ferna\OneDrive\Documents\learning_cpp\Projetos C++ Livro C++ com DirectX\helloworld\helloworld\Debug\link.14924.write.1.tlog
C:\Users\ferna\OneDrive\Documents\learning_cpp\Projetos C++ Livro C++ com DirectX\helloworld\helloworld\Debug\link.14924-cvtres.read.1.tlog
C:\Users\ferna\OneDrive\Documents\learning_cpp\Projetos C++ Livro C++ com DirectX\helloworld\helloworld\Debug\link.14924-cvtres.write.1.tlog
C:\Users\ferna\OneDrive\Documents\learning_cpp\Projetos C++ Livro C++ com DirectX\helloworld\helloworld\Debug\link.command.1.tlog
C:\Users\ferna\OneDrive\Documents\learning_cpp\Projetos C++ Livro C++ com DirectX\helloworld\helloworld\Debug\link.read.1.tlog
C:\Users\ferna\OneDrive\Documents\learning_cpp\Projetos C++ Livro C++ com DirectX\helloworld\helloworld\Debug\link.write.1.tlog
C:\Users\ferna\OneDrive\Documents\learning_cpp\Projetos C++ Livro C++ com DirectX\helloworld\helloworld\Debug\link-cvtres.read.1.tlog
C:\Users\ferna\OneDrive\Documents\learning_cpp\Projetos C++ Livro C++ com DirectX\helloworld\helloworld\Debug\link-cvtres.write.1.tlog
C:\Users\ferna\OneDrive\Documents\learning_cpp\Projetos C++ Livro C++ com DirectX\helloworld\helloworld\Debug\mt.command.1.tlog
C:\Users\ferna\OneDrive\Documents\learning_cpp\Projetos C++ Livro C++ com DirectX\helloworld\helloworld\Debug\mt.read.1.tlog
C:\Users\ferna\OneDrive\Documents\learning_cpp\Projetos C++ Livro C++ com DirectX\helloworld\helloworld\Debug\mt.write.1.tlog
C:\Users\ferna\OneDrive\Documents\learning_cpp\Projetos C++ Livro C++ com DirectX\helloworld\helloworld\Debug\rc.command.1.tlog
C:\Users\ferna\OneDrive\Documents\learning_cpp\Projetos C++ Livro C++ com DirectX\helloworld\helloworld\Debug\rc.read.1.tlog
C:\Users\ferna\OneDrive\Documents\learning_cpp\Projetos C++ Livro C++ com DirectX\helloworld\helloworld\Debug\rc.write.1.tlog
C:\Users\ferna\OneDrive\Documents\learning_cpp\Projetos C++ Livro C++ com DirectX\helloworld\helloworld\Debug\vc100.idb
C:\USERS\FERNA\ONEDRIVE\DOCUMENTS\LEARNING_CPP\PROJETOS C++ LIVRO C++ COM DIRECTX\HELLOWORLD\HELLOWORLD\DEBUG\VC100.PDB
