Build started 25/06/2023 15:31:37.
     1>Project "C:\Users\ferna\OneDrive\Documents\learning_cpp\Projetos C++ Livro C++ com DirectX\helloworld\helloworld\helloworld.vcxproj" on node 2 (build target(s)).
     1>PrepareForBuild:
         Creating directory "C:\Users\ferna\OneDrive\Documents\learning_cpp\Projetos C++ Livro C++ com DirectX\helloworld\Debug\".
       InitializeBuildStatus:
         Creating "Debug\helloworld.unsuccessfulbuild" because "AlwaysCreate" was specified.
       ClCompile:
         All outputs are up-to-date.
       ManifestResourceCompile:
         All outputs are up-to-date.
       Link:
         C:\Program Files (x86)\Microsoft Visual Studio 10.0\VC\bin\link.exe /ERRORREPORT:PROMPT /OUT:"C:\Users\ferna\OneDrive\Documents\learning_cpp\Projetos C++ Livro C++ com DirectX\helloworld\Debug\helloworld.exe" /INCREMENTAL /NOLOGO kernel32.lib user32.lib gdi32.lib winspool.lib comdlg32.lib advapi32.lib shell32.lib ole32.lib oleaut32.lib uuid.lib odbc32.lib odbccp32.lib /MANIFEST /ManifestFile:"Debug\helloworld.exe.intermediate.manifest" /MANIFESTUAC:"level='asInvoker' uiAccess='false'" /DEBUG /PDB:"C:\Users\ferna\OneDrive\Documents\learning_cpp\Projetos C++ Livro C++ com DirectX\helloworld\Debug\helloworld.pdb" /SUBSYSTEM:CONSOLE /TLBID:1 /DYNAMICBASE /NXCOMPAT /IMPLIB:"C:\Users\ferna\OneDrive\Documents\learning_cpp\Projetos C++ Livro C++ com DirectX\helloworld\Debug\helloworld.lib" /MACHINE:X86 Debug\helloworld.exe.embed.manifest.res
         Debug\helloworld.obj
       Manifest:
         C:\Program Files (x86)\Microsoft SDKs\Windows\v7.0A\bin\mt.exe /nologo /verbose /out:"Debug\helloworld.exe.embed.manifest" /manifest Debug\helloworld.exe.intermediate.manifest
         All outputs are up-to-date.
       LinkEmbedManifest:
         All outputs are up-to-date.
         helloworld.vcxproj -> C:\Users\ferna\OneDrive\Documents\learning_cpp\Projetos C++ Livro C++ com DirectX\helloworld\Debug\helloworld.exe
       FinalizeBuildStatus:
         Deleting file "Debug\helloworld.unsuccessfulbuild".
         Touching "Debug\helloworld.lastbuildstate".
     1>Done Building Project "C:\Users\ferna\OneDrive\Documents\learning_cpp\Projetos C++ Livro C++ com DirectX\helloworld\helloworld\helloworld.vcxproj" (build target(s)).

Build succeeded.

Time Elapsed 00:00:00.36
